<?xml version="1.0" encoding="utf-8"?><testsuites name="pytest tests"><testsuite name="pytest" errors="0" failures="0" skipped="0" tests="17" time="25.015" timestamp="2026-02-02T03:33:57.676440+00:00" hostname="agent-env-00e813b7-43e8-40f8-a855-6ff3c16b3a9b"><testcase classname="backend.tests.test_waitlist_recurring.TestWaitlistAPI" name="test_get_my_waitlist_entries" time="1.170" /><testcase classname="backend.tests.test_waitlist_recurring.TestWaitlistAPI" name="test_slots_endpoint_returns_waitlist_info" time="1.127" /><testcase classname="backend.tests.test_waitlist_recurring.TestWaitlistAPI" name="test_join_waitlist_requires_full_slot" time="1.021" /><testcase classname="backend.tests.test_waitlist_recurring.TestWaitlistAPI" name="test_leave_waitlist" time="1.117" /><testcase classname="backend.tests.test_waitlist_recurring.TestWaitlistAPI" name="test_waitlist_requires_auth" time="1.479" /><testcase classname="backend.tests.test_waitlist_recurring.TestRecurringBookings" name="test_create_recurring_booking" time="2.298" /><testcase classname="backend.tests.test_waitlist_recurring.TestRecurringBookings" name="test_booking_has_reminder_flags" time="1.571" /><testcase classname="backend.tests.test_waitlist_recurring.TestRecurringBookings" name="test_recurring_booking_model_fields" time="3.163" /><testcase classname="backend.tests.test_waitlist_recurring.TestWaitlistPromotion" name="test_cancellation_triggers_waitlist_promotion" time="1.740" /><testcase classname="backend.tests.test_waitlist_recurring.TestWaitlistPromotion" name="test_waitlist_promotion_creates_notification" time="1.122" /><testcase classname="backend.tests.test_waitlist_recurring.TestReminderScheduler" name="test_booking_has_reminder_flags_initialized" time="1.809" /><testcase classname="backend.tests.test_waitlist_recurring.TestReminderScheduler" name="test_reminder_notification_types_exist" time="1.115" /><testcase classname="backend.tests.test_waitlist_recurring.TestBookingsPageData" name="test_my_bookings_returns_from_waitlist_flag" time="0.915" /><testcase classname="backend.tests.test_waitlist_recurring.TestBookingsPageData" name="test_my_bookings_returns_recurring_flag" time="1.757" /><testcase classname="backend.tests.test_waitlist_recurring.TestSlotWaitlistInfo" name="test_slot_returns_waitlist_position" time="1.143" /><testcase classname="backend.tests.test_waitlist_recurring.TestSlotWaitlistInfo" name="test_get_slot_waitlist_endpoint" time="1.433" /><testcase classname="backend.tests.test_waitlist_recurring.TestWaitlistEntryModel" name="test_waitlist_entry_structure" time="0.913" /></testsuite></testsuites>