<?xml version="1.0" encoding="utf-8"?><testsuites name="pytest tests"><testsuite name="pytest" errors="0" failures="0" skipped="0" tests="12" time="24.485" timestamp="2026-02-02T02:53:55.550721+00:00" hostname="agent-env-00e813b7-43e8-40f8-a855-6ff3c16b3a9b"><testcase classname="backend.tests.test_notifications.TestNotificationSystem" name="test_get_notifications" time="1.221" /><testcase classname="backend.tests.test_notifications.TestNotificationSystem" name="test_subscribe_to_notifications" time="1.164" /><testcase classname="backend.tests.test_notifications.TestNotificationSystem" name="test_notification_status_after_subscribe" time="2.227" /><testcase classname="backend.tests.test_notifications.TestNotificationSystem" name="test_send_test_notification" time="2.229" /><testcase classname="backend.tests.test_notifications.TestNotificationSystem" name="test_get_unread_notifications" time="1.565" /><testcase classname="backend.tests.test_notifications.TestNotificationSystem" name="test_mark_notification_as_read" time="3.058" /><testcase classname="backend.tests.test_notifications.TestNotificationSystem" name="test_mark_all_notifications_as_read" time="3.179" /><testcase classname="backend.tests.test_notifications.TestNotificationSystem" name="test_unsubscribe_from_notifications" time="2.852" /><testcase classname="backend.tests.test_notifications.TestNotificationSystem" name="test_booking_creates_notification" time="2.266" /><testcase classname="backend.tests.test_notifications.TestNotificationSystem" name="test_notification_requires_auth" time="1.893" /><testcase classname="backend.tests.test_notifications.TestNotificationEdgeCases" name="test_test_notification_requires_subscription" time="1.530" /><testcase classname="backend.tests.test_notifications.TestNotificationEdgeCases" name="test_mark_nonexistent_notification_as_read" time="1.179" /></testsuite></testsuites>